<?xml version="1.0" encoding="UTF-8"?>
<testng-results skipped="0" failed="0" ignored="0" total="1" passed="1">
  <reporter-output>
  </reporter-output>
  <suite name="Default suite" duration-ms="75" started-at="2018-12-14T15:17:18Z" finished-at="2018-12-14T15:17:18Z">
    <groups>
    </groups>
    <test name="Default test" duration-ms="75" started-at="2018-12-14T15:17:18Z" finished-at="2018-12-14T15:17:18Z">
      <class name="com.FREECRM.Login.LoginTestCase">
        <test-method status="PASS" signature="LoginFreeCRM()[pri:0, instance:com.FREECRM.Login.LoginTestCase@6d8a00e3]" name="LoginFreeCRM" duration-ms="28" started-at="2018-12-14T09:17:18Z" finished-at="2018-12-14T09:17:18Z">
          <reporter-output>
          </reporter-output>
        </test-method> <!-- LoginFreeCRM -->
      </class> <!-- com.FREECRM.Login.LoginTestCase -->
    </test> <!-- Default test -->
  </suite> <!-- Default suite -->
</testng-results>
